<?xml version="1.0" encoding="UTF-8" ?>
<testsuite tests="5" failures="0" name="RunTest" time="0.013" errors="0" skipped="0">
  <properties>
[...]
</properties>
  <testcase classname="Scenario: search dog in baidu searchbox" name="Given I open baidu search page" time="0.012"/>
  <testcase classname="Scenario: search dog in baidu searchbox" name="When I input &quot;dog&quot; in search box" time="0"/>
  <testcase classname="Scenario: search dog in baidu searchbox" name="And I click search button" time="0"/>
  <testcase classname="Scenario: search dog in baidu searchbox" name="Then show search result should include &quot;dog&quot;" time="0"/>
  <testcase classname="Scenario: search dog in baidu searchbox" name="Scenario: search dog in baidu searchbox" time="0.001"/>
</testsuite>